05-28 17:52 django.db.backends DEBUG    (0.000) SET SQL_AUTO_IS_NULL = 0; args=None
05-28 17:52 django.db.backends DEBUG    (0.000) SET SQL_AUTO_IS_NULL = 0; args=None
05-28 17:52 django.db.backends DEBUG    (0.000) SELECT `auth_user`.`id`, `auth_user`.`password`, `auth_user`.`last_login`, `auth_user`.`is_superuser`, `auth_user`.`username`, `auth_user`.`first_name`, `auth_user`.`last_name`, `auth_user`.`email`, `auth_user`.`is_staff`, `auth_user`.`is_active`, `auth_user`.`date_joined` FROM `auth_user` WHERE `auth_user`.`username` = 'admin'; args=(u'admin',)
05-28 17:52 django.db.backends DEBUG    (0.000) SELECT (1) AS `a` FROM `django_session` WHERE `django_session`.`session_key` = 'yxganscrgvjedf1sh71pv28s4r52suzg' LIMIT 1; args=(u'yxganscrgvjedf1sh71pv28s4r52suzg',)
05-28 17:52 django.db.backends DEBUG    (0.000) INSERT INTO `django_session` (`session_key`, `session_data`, `expire_date`) VALUES ('yxganscrgvjedf1sh71pv28s4r52suzg', 'OTFkYWExOWVlNzJlZDlmZDVjMmJlMDQ5OTNhN2IxNDUzZGRlMjhlOTp7fQ==', '2017-06-11 09:52:07.085601'); args=(u'yxganscrgvjedf1sh71pv28s4r52suzg', u'OTFkYWExOWVlNzJlZDlmZDVjMmJlMDQ5OTNhN2IxNDUzZGRlMjhlOTp7fQ==', u'2017-06-11 09:52:07.085601')
05-28 17:52 django.db.backends DEBUG    (0.000) SELECT `django_session`.`session_key`, `django_session`.`session_data`, `django_session`.`expire_date` FROM `django_session` WHERE `django_session`.`session_key` = 'yxganscrgvjedf1sh71pv28s4r52suzg'; args=(u'yxganscrgvjedf1sh71pv28s4r52suzg',)
05-28 17:52 django.db.backends DEBUG    (0.000) DELETE FROM `django_session` WHERE `django_session`.`session_key` IN ('yxganscrgvjedf1sh71pv28s4r52suzg'); args=(u'yxganscrgvjedf1sh71pv28s4r52suzg',)
05-28 17:52 django.db.backends DEBUG    (0.000) UPDATE `auth_user` SET `last_login` = '2017-05-28 09:52:07.090409' WHERE `auth_user`.`id` = 1; args=(u'2017-05-28 09:52:07.090409', 1)
05-28 17:52 django.db.backends DEBUG    (0.000) UPDATE `django_session` SET `session_data` = 'MmQzNGQwOGIwNWEyZGU4MjZhYzZkNzJjNGRlNWJmNjlkMDQ2YWExMzp7Il9hdXRoX3VzZXJfaGFzaCI6IjZmOWQ5OTMzN2M2ZmNlNjBmYjE1ZjM4YzZhMjgwZWNhMTAzNjc5NzIiLCJfYXV0aF91c2VyX2JhY2tlbmQiOiJkamFuZ28uY29udHJpYi5hdXRoLmJhY2tlbmRzLk1vZGVsQmFja2VuZCIsIl9hdXRoX3VzZXJfaWQiOiIxIn0=', `expire_date` = '2017-06-11 09:52:07.092179' WHERE `django_session`.`session_key` = 'yxganscrgvjedf1sh71pv28s4r52suzg'; args=(u'MmQzNGQwOGIwNWEyZGU4MjZhYzZkNzJjNGRlNWJmNjlkMDQ2YWExMzp7Il9hdXRoX3VzZXJfaGFzaCI6IjZmOWQ5OTMzN2M2ZmNlNjBmYjE1ZjM4YzZhMjgwZWNhMTAzNjc5NzIiLCJfYXV0aF91c2VyX2JhY2tlbmQiOiJkamFuZ28uY29udHJpYi5hdXRoLmJhY2tlbmRzLk1vZGVsQmFja2VuZCIsIl9hdXRoX3VzZXJfaWQiOiIxIn0=', u'2017-06-11 09:52:07.092179', u'yxganscrgvjedf1sh71pv28s4r52suzg')
05-28 17:52 django.db.backends DEBUG    (0.000) INSERT INTO `django_session` (`session_key`, `session_data`, `expire_date`) VALUES ('yxganscrgvjedf1sh71pv28s4r52suzg', 'MmQzNGQwOGIwNWEyZGU4MjZhYzZkNzJjNGRlNWJmNjlkMDQ2YWExMzp7Il9hdXRoX3VzZXJfaGFzaCI6IjZmOWQ5OTMzN2M2ZmNlNjBmYjE1ZjM4YzZhMjgwZWNhMTAzNjc5NzIiLCJfYXV0aF91c2VyX2JhY2tlbmQiOiJkamFuZ28uY29udHJpYi5hdXRoLmJhY2tlbmRzLk1vZGVsQmFja2VuZCIsIl9hdXRoX3VzZXJfaWQiOiIxIn0=', '2017-06-11 09:52:07.092179'); args=(u'yxganscrgvjedf1sh71pv28s4r52suzg', u'MmQzNGQwOGIwNWEyZGU4MjZhYzZkNzJjNGRlNWJmNjlkMDQ2YWExMzp7Il9hdXRoX3VzZXJfaGFzaCI6IjZmOWQ5OTMzN2M2ZmNlNjBmYjE1ZjM4YzZhMjgwZWNhMTAzNjc5NzIiLCJfYXV0aF91c2VyX2JhY2tlbmQiOiJkamFuZ28uY29udHJpYi5hdXRoLmJhY2tlbmRzLk1vZGVsQmFja2VuZCIsIl9hdXRoX3VzZXJfaWQiOiIxIn0=', u'2017-06-11 09:52:07.092179')
05-28 17:52 django.db.backends DEBUG    (0.000) SET SQL_AUTO_IS_NULL = 0; args=None
05-28 17:52 django.db.backends DEBUG    (0.000) SET SQL_AUTO_IS_NULL = 0; args=None
05-28 17:52 django.db.backends DEBUG    (0.000) SELECT `django_session`.`session_key`, `django_session`.`session_data`, `django_session`.`expire_date` FROM `django_session` WHERE (`django_session`.`session_key` = 'yxganscrgvjedf1sh71pv28s4r52suzg' AND `django_session`.`expire_date` > '2017-05-28 09:52:07.097973'); args=('yxganscrgvjedf1sh71pv28s4r52suzg', u'2017-05-28 09:52:07.097973')
05-28 17:52 django.db.backends DEBUG    (0.000) SELECT `auth_user`.`id`, `auth_user`.`password`, `auth_user`.`last_login`, `auth_user`.`is_superuser`, `auth_user`.`username`, `auth_user`.`first_name`, `auth_user`.`last_name`, `auth_user`.`email`, `auth_user`.`is_staff`, `auth_user`.`is_active`, `auth_user`.`date_joined` FROM `auth_user` WHERE `auth_user`.`id` = 1; args=(1,)
05-28 17:52 django.db.backends DEBUG    (0.000) SET SQL_AUTO_IS_NULL = 0; args=None
05-28 17:52 django.db.backends DEBUG    (0.000) SET SQL_AUTO_IS_NULL = 0; args=None
05-28 17:52 django.db.backends DEBUG    (0.000) SELECT `django_session`.`session_key`, `django_session`.`session_data`, `django_session`.`expire_date` FROM `django_session` WHERE (`django_session`.`session_key` = 'yxganscrgvjedf1sh71pv28s4r52suzg' AND `django_session`.`expire_date` > '2017-05-28 09:52:07.357627'); args=('yxganscrgvjedf1sh71pv28s4r52suzg', u'2017-05-28 09:52:07.357627')
05-28 17:52 django.db.backends DEBUG    (0.000) SELECT `auth_user`.`id`, `auth_user`.`password`, `auth_user`.`last_login`, `auth_user`.`is_superuser`, `auth_user`.`username`, `auth_user`.`first_name`, `auth_user`.`last_name`, `auth_user`.`email`, `auth_user`.`is_staff`, `auth_user`.`is_active`, `auth_user`.`date_joined` FROM `auth_user` WHERE `auth_user`.`id` = 1; args=(1,)
05-28 17:52 django.db.backends DEBUG    (0.000) SELECT `portmonitor_port_monitor`.`id`, `portmonitor_port_monitor`.`name`, `portmonitor_port_monitor`.`ip_range`, `portmonitor_port_monitor`.`check_frequency`, `portmonitor_port_monitor`.`create_time`, `portmonitor_port_monitor`.`remarks`, `portmonitor_port_monitor`.`fnascan_check`, `portmonitor_port_monitor`.`masscan_check`, `portmonitor_port_monitor`.`last_check_time` FROM `portmonitor_port_monitor` ORDER BY `portmonitor_port_monitor`.`id` ASC; args=()
05-28 17:52 django.db.backends DEBUG    (0.000) SET SQL_AUTO_IS_NULL = 0; args=None
05-28 17:52 django.db.backends DEBUG    (0.000) SET SQL_AUTO_IS_NULL = 0; args=None
05-28 17:52 django.db.backends DEBUG    (0.000) SELECT `django_session`.`session_key`, `django_session`.`session_data`, `django_session`.`expire_date` FROM `django_session` WHERE (`django_session`.`session_key` = 'yxganscrgvjedf1sh71pv28s4r52suzg' AND `django_session`.`expire_date` > '2017-05-28 09:52:11.479901'); args=('yxganscrgvjedf1sh71pv28s4r52suzg', u'2017-05-28 09:52:11.479901')
05-28 17:52 django.db.backends DEBUG    (0.000) SELECT `auth_user`.`id`, `auth_user`.`password`, `auth_user`.`last_login`, `auth_user`.`is_superuser`, `auth_user`.`username`, `auth_user`.`first_name`, `auth_user`.`last_name`, `auth_user`.`email`, `auth_user`.`is_staff`, `auth_user`.`is_active`, `auth_user`.`date_joined` FROM `auth_user` WHERE `auth_user`.`id` = 1; args=(1,)
05-28 17:52 django.db.backends DEBUG    (0.001) SELECT `django_admin_log`.`id`, `django_admin_log`.`action_time`, `django_admin_log`.`user_id`, `django_admin_log`.`content_type_id`, `django_admin_log`.`object_id`, `django_admin_log`.`object_repr`, `django_admin_log`.`action_flag`, `django_admin_log`.`change_message`, `auth_user`.`id`, `auth_user`.`password`, `auth_user`.`last_login`, `auth_user`.`is_superuser`, `auth_user`.`username`, `auth_user`.`first_name`, `auth_user`.`last_name`, `auth_user`.`email`, `auth_user`.`is_staff`, `auth_user`.`is_active`, `auth_user`.`date_joined`, `django_content_type`.`id`, `django_content_type`.`app_label`, `django_content_type`.`model` FROM `django_admin_log` INNER JOIN `auth_user` ON ( `django_admin_log`.`user_id` = `auth_user`.`id` ) LEFT OUTER JOIN `django_content_type` ON ( `django_admin_log`.`content_type_id` = `django_content_type`.`id` ) WHERE `django_admin_log`.`user_id` = 1 ORDER BY `django_admin_log`.`action_time` DESC LIMIT 10; args=(1,)
05-28 17:52 django.db.backends DEBUG    (0.000) SET SQL_AUTO_IS_NULL = 0; args=None
05-28 17:52 django.db.backends DEBUG    (0.000) SET SQL_AUTO_IS_NULL = 0; args=None
05-28 17:52 django.db.backends DEBUG    (0.000) SELECT `django_session`.`session_key`, `django_session`.`session_data`, `django_session`.`expire_date` FROM `django_session` WHERE (`django_session`.`session_key` = 'yxganscrgvjedf1sh71pv28s4r52suzg' AND `django_session`.`expire_date` > '2017-05-28 09:52:14.706616'); args=('yxganscrgvjedf1sh71pv28s4r52suzg', u'2017-05-28 09:52:14.706616')
05-28 17:52 django.db.backends DEBUG    (0.000) SELECT `auth_user`.`id`, `auth_user`.`password`, `auth_user`.`last_login`, `auth_user`.`is_superuser`, `auth_user`.`username`, `auth_user`.`first_name`, `auth_user`.`last_name`, `auth_user`.`email`, `auth_user`.`is_staff`, `auth_user`.`is_active`, `auth_user`.`date_joined` FROM `auth_user` WHERE `auth_user`.`id` = 1; args=(1,)
05-28 17:52 django.db.backends DEBUG    (0.000) SELECT `portmonitor_port_monitor`.`id`, `portmonitor_port_monitor`.`name`, `portmonitor_port_monitor`.`ip_range`, `portmonitor_port_monitor`.`check_frequency`, `portmonitor_port_monitor`.`create_time`, `portmonitor_port_monitor`.`remarks`, `portmonitor_port_monitor`.`fnascan_check`, `portmonitor_port_monitor`.`masscan_check`, `portmonitor_port_monitor`.`last_check_time` FROM `portmonitor_port_monitor` ORDER BY `portmonitor_port_monitor`.`id` ASC; args=()
05-28 17:52 django.db.backends DEBUG    (0.000) SET SQL_AUTO_IS_NULL = 0; args=None
05-28 17:52 django.db.backends DEBUG    (0.000) SET SQL_AUTO_IS_NULL = 0; args=None
05-28 17:52 django.db.backends DEBUG    (0.000) SELECT `django_session`.`session_key`, `django_session`.`session_data`, `django_session`.`expire_date` FROM `django_session` WHERE (`django_session`.`session_key` = 'yxganscrgvjedf1sh71pv28s4r52suzg' AND `django_session`.`expire_date` > '2017-05-28 09:52:15.352202'); args=('yxganscrgvjedf1sh71pv28s4r52suzg', u'2017-05-28 09:52:15.352202')
05-28 17:52 django.db.backends DEBUG    (0.000) SELECT `auth_user`.`id`, `auth_user`.`password`, `auth_user`.`last_login`, `auth_user`.`is_superuser`, `auth_user`.`username`, `auth_user`.`first_name`, `auth_user`.`last_name`, `auth_user`.`email`, `auth_user`.`is_staff`, `auth_user`.`is_active`, `auth_user`.`date_joined` FROM `auth_user` WHERE `auth_user`.`id` = 1; args=(1,)
05-28 17:52 django.db.backends DEBUG    (0.000) SELECT COUNT(*) AS `__count` FROM `portmonitor_port_monitor`; args=()
05-28 17:52 django.db.backends DEBUG    (0.000) SELECT `portmonitor_port_monitor`.`id`, `portmonitor_port_monitor`.`name`, `portmonitor_port_monitor`.`ip_range`, `portmonitor_port_monitor`.`check_frequency`, `portmonitor_port_monitor`.`create_time`, `portmonitor_port_monitor`.`remarks`, `portmonitor_port_monitor`.`fnascan_check`, `portmonitor_port_monitor`.`masscan_check`, `portmonitor_port_monitor`.`last_check_time` FROM `portmonitor_port_monitor` ORDER BY `portmonitor_port_monitor`.`id` DESC; args=()
05-28 17:52 django.db.backends DEBUG    (0.002) SET SQL_AUTO_IS_NULL = 0; args=None
05-28 17:52 django.db.backends DEBUG    (0.001) SET SQL_AUTO_IS_NULL = 0; args=None
05-28 17:52 django.db.backends DEBUG    (0.001) SELECT `django_session`.`session_key`, `django_session`.`session_data`, `django_session`.`expire_date` FROM `django_session` WHERE (`django_session`.`session_key` = 'yxganscrgvjedf1sh71pv28s4r52suzg' AND `django_session`.`expire_date` > '2017-05-28 09:52:15.403387'); args=('yxganscrgvjedf1sh71pv28s4r52suzg', u'2017-05-28 09:52:15.403387')
05-28 17:52 django.db.backends DEBUG    (0.001) SELECT `auth_user`.`id`, `auth_user`.`password`, `auth_user`.`last_login`, `auth_user`.`is_superuser`, `auth_user`.`username`, `auth_user`.`first_name`, `auth_user`.`last_name`, `auth_user`.`email`, `auth_user`.`is_staff`, `auth_user`.`is_active`, `auth_user`.`date_joined` FROM `auth_user` WHERE `auth_user`.`id` = 1; args=(1,)
05-28 17:52 django.db.backends DEBUG    (0.000) SET SQL_AUTO_IS_NULL = 0; args=None
05-28 17:52 django.db.backends DEBUG    (0.000) SET SQL_AUTO_IS_NULL = 0; args=None
05-28 17:52 django.db.backends DEBUG    (0.000) SELECT `django_session`.`session_key`, `django_session`.`session_data`, `django_session`.`expire_date` FROM `django_session` WHERE (`django_session`.`session_key` = 'yxganscrgvjedf1sh71pv28s4r52suzg' AND `django_session`.`expire_date` > '2017-05-28 09:52:16.606128'); args=('yxganscrgvjedf1sh71pv28s4r52suzg', u'2017-05-28 09:52:16.606128')
05-28 17:52 django.db.backends DEBUG    (0.000) SELECT `auth_user`.`id`, `auth_user`.`password`, `auth_user`.`last_login`, `auth_user`.`is_superuser`, `auth_user`.`username`, `auth_user`.`first_name`, `auth_user`.`last_name`, `auth_user`.`email`, `auth_user`.`is_staff`, `auth_user`.`is_active`, `auth_user`.`date_joined` FROM `auth_user` WHERE `auth_user`.`id` = 1; args=(1,)
05-28 17:52 django.db.backends DEBUG    (0.001) SELECT `portmonitor_port_monitor`.`id`, `portmonitor_port_monitor`.`name`, `portmonitor_port_monitor`.`ip_range`, `portmonitor_port_monitor`.`check_frequency`, `portmonitor_port_monitor`.`create_time`, `portmonitor_port_monitor`.`remarks`, `portmonitor_port_monitor`.`fnascan_check`, `portmonitor_port_monitor`.`masscan_check`, `portmonitor_port_monitor`.`last_check_time` FROM `portmonitor_port_monitor` ORDER BY `portmonitor_port_monitor`.`id` ASC; args=()
05-28 17:52 django.db.backends DEBUG    (0.000) SET SQL_AUTO_IS_NULL = 0; args=None
05-28 17:52 django.db.backends DEBUG    (0.000) SET SQL_AUTO_IS_NULL = 0; args=None
05-28 17:52 django.db.backends DEBUG    (0.000) SELECT `django_session`.`session_key`, `django_session`.`session_data`, `django_session`.`expire_date` FROM `django_session` WHERE (`django_session`.`session_key` = 'yxganscrgvjedf1sh71pv28s4r52suzg' AND `django_session`.`expire_date` > '2017-05-28 09:52:18.318518'); args=('yxganscrgvjedf1sh71pv28s4r52suzg', u'2017-05-28 09:52:18.318518')
05-28 17:52 django.db.backends DEBUG    (0.000) SELECT `auth_user`.`id`, `auth_user`.`password`, `auth_user`.`last_login`, `auth_user`.`is_superuser`, `auth_user`.`username`, `auth_user`.`first_name`, `auth_user`.`last_name`, `auth_user`.`email`, `auth_user`.`is_staff`, `auth_user`.`is_active`, `auth_user`.`date_joined` FROM `auth_user` WHERE `auth_user`.`id` = 1; args=(1,)
05-28 17:52 django.db.backends DEBUG    (0.000) SELECT COUNT(*) AS `__count` FROM `portmonitor_port_monitor`; args=()
05-28 17:52 django.db.backends DEBUG    (0.000) SELECT `portmonitor_port_monitor`.`id`, `portmonitor_port_monitor`.`name`, `portmonitor_port_monitor`.`ip_range`, `portmonitor_port_monitor`.`check_frequency`, `portmonitor_port_monitor`.`create_time`, `portmonitor_port_monitor`.`remarks`, `portmonitor_port_monitor`.`fnascan_check`, `portmonitor_port_monitor`.`masscan_check`, `portmonitor_port_monitor`.`last_check_time` FROM `portmonitor_port_monitor` ORDER BY `portmonitor_port_monitor`.`id` DESC; args=()
05-28 17:52 django.db.backends DEBUG    (0.000) SET SQL_AUTO_IS_NULL = 0; args=None
05-28 17:52 django.db.backends DEBUG    (0.000) SET SQL_AUTO_IS_NULL = 0; args=None
05-28 17:52 django.db.backends DEBUG    (0.000) SELECT `django_session`.`session_key`, `django_session`.`session_data`, `django_session`.`expire_date` FROM `django_session` WHERE (`django_session`.`session_key` = 'yxganscrgvjedf1sh71pv28s4r52suzg' AND `django_session`.`expire_date` > '2017-05-28 09:52:18.357596'); args=('yxganscrgvjedf1sh71pv28s4r52suzg', u'2017-05-28 09:52:18.357596')
05-28 17:52 django.db.backends DEBUG    (0.000) SELECT `auth_user`.`id`, `auth_user`.`password`, `auth_user`.`last_login`, `auth_user`.`is_superuser`, `auth_user`.`username`, `auth_user`.`first_name`, `auth_user`.`last_name`, `auth_user`.`email`, `auth_user`.`is_staff`, `auth_user`.`is_active`, `auth_user`.`date_joined` FROM `auth_user` WHERE `auth_user`.`id` = 1; args=(1,)
